<?xml version="1.0" encoding="UTF-8"?>
<!-- Generated by org.testng.reporters.JUnitXMLReporter -->
<testsuite ignored="0" hostname="Anup" failures="0" tests="3" name="Default test" time="0.123" errors="0" timestamp="2026-03-07T19:28:48 IST">
  <testcase classname="TestNG._37_invocationCount" name="demoTest" time="0.019"/>
  <testcase classname="TestNG._37_invocationCount" name="demoTest" time="0.005"/>
  <testcase classname="TestNG._37_invocationCount" name="demoTest" time="0.006"/>
</testsuite> <!-- Default test -->
