<?xml version="1.0" encoding="UTF-8"?>
<!-- Generated by org.testng.reporters.JUnitXMLReporter -->
<testsuite ignored="0" hostname="Anup" failures="2" tests="9" name="Test" time="0.348" errors="0" timestamp="2026-03-08T10:48:36 IST">
  <testcase classname="TestNG._41_Test_failed_cases" name="test1" time="0.066">
    <skipped/>
  </testcase> <!-- test1 -->
  <testcase classname="TestNG._41_Test_failed_cases" name="test1" time="0.014">
    <skipped/>
  </testcase> <!-- test1 -->
  <testcase classname="TestNG._41_Test_failed_cases" name="test1" time="0.005">
    <skipped/>
  </testcase> <!-- test1 -->
  <testcase classname="TestNG._41_Test_failed_cases" name="test1" time="0.006">
    <failure type="java.lang.AssertionError" message="expected [true] but found [false]">
      <![CDATA[java.lang.AssertionError: expected [true] but found [false]
at TestNG._41_Test_failed_cases.test1(_41_Test_failed_cases.java:12)
at java.base/java.util.ArrayList.forEach(ArrayList.java:1596)
... Removed 29 stack frames]]>
    </failure>
  </testcase> <!-- test1 -->
  <testcase classname="TestNG._41_Test_failed_cases" name="test2" time="0.01">
    <skipped/>
  </testcase> <!-- test2 -->
  <testcase classname="TestNG._41_Test_failed_cases" name="test2" time="0.005">
    <skipped/>
  </testcase> <!-- test2 -->
  <testcase classname="TestNG._41_Test_failed_cases" name="test2" time="0.004">
    <skipped/>
  </testcase> <!-- test2 -->
  <testcase classname="TestNG._41_Test_failed_cases" name="test2" time="0.004">
    <failure type="java.lang.AssertionError" message="expected [true] but found [false]">
      <![CDATA[java.lang.AssertionError: expected [true] but found [false]
at TestNG._41_Test_failed_cases.test2(_41_Test_failed_cases.java:19)
at java.base/java.util.ArrayList.forEach(ArrayList.java:1596)
... Removed 29 stack frames]]>
    </failure>
  </testcase> <!-- test2 -->
  <testcase classname="TestNG._41_Test_failed_cases" name="test3" time="0.004"/>
</testsuite> <!-- Test -->
