<?xml version="1.0" encoding="UTF-8"?>
<!-- Generated by org.testng.reporters.JUnitXMLReporter -->
<testsuite ignored="3" hostname="Anup" failures="0" tests="5" name="Test" time="0.22" errors="0" timestamp="2026-03-05T11:46:38 IST">
  <testcase classname="TestNG._27_enable_disable_regular_expression" name="AutomobileLoanApiLogin" time="0.017"/>
  <testcase classname="TestNG._27_enable_disable_regular_expression" name="AutomobileLoanMobileLogin" time="0.007"/>
  <testcase classname="TestNG._27_enable_disable_regular_expression" name="AutomobileLoanWebLogin" time="0.01"/>
  <testcase classname="TestNG._29_Annotations" name="test1" time="0.007"/>
  <testcase classname="TestNG._29_Annotations" name="test2" time="0.005"/>
  <testcase classname="TestNG._27_enable_disable_regular_expression" name="PersonalLoanApiLogin" time="0.0">
    <ignored/>
  </testcase> <!-- PersonalLoanApiLogin -->
  <testcase classname="TestNG._27_enable_disable_regular_expression" name="PersonalLoanWebLogin" time="0.0">
    <ignored/>
  </testcase> <!-- PersonalLoanWebLogin -->
  <testcase classname="TestNG._27_enable_disable_regular_expression" name="PersonalLoanMobileLogin" time="0.0">
    <ignored/>
  </testcase> <!-- PersonalLoanMobileLogin -->
</testsuite> <!-- Test -->
