<?xml version="1.0" encoding="UTF-8"?>
<testng-results ignored="0" total="3" passed="3" failed="0" skipped="0">
  <reporter-output>
  </reporter-output>
  <suite started-at="2026-03-07T08:14:50 IST" name="Default suite" finished-at="2026-03-07T08:14:50 IST" duration-ms="143">
    <groups>
    </groups>
    <test started-at="2026-03-07T08:14:50 IST" name="Default test" finished-at="2026-03-07T08:14:50 IST" duration-ms="143">
      <class name="TestNG._37_invocationCount">
        <test-method signature="demoTest(org.testng.ITestContext)[pri:0, instance:TestNG._37_invocationCount@51399530]" started-at="2026-03-07T08:14:50 IST" name="demoTest" finished-at="2026-03-07T08:14:50 IST" duration-ms="25" status="PASS">
          <params>
            <param index="0">
              <value>
                <![CDATA[org.testng.TestRunner@6a6afff2]]>
              </value>
            </param>
          </params>
          <reporter-output>
          </reporter-output>
        </test-method> <!-- demoTest -->
        <test-method signature="demoTest(org.testng.ITestContext)[pri:0, instance:TestNG._37_invocationCount@51399530]" started-at="2026-03-07T08:14:50 IST" name="demoTest" finished-at="2026-03-07T08:14:50 IST" duration-ms="8" status="PASS">
          <params>
            <param index="0">
              <value>
                <![CDATA[org.testng.TestRunner@6a6afff2]]>
              </value>
            </param>
          </params>
          <reporter-output>
          </reporter-output>
        </test-method> <!-- demoTest -->
        <test-method signature="demoTest(org.testng.ITestContext)[pri:0, instance:TestNG._37_invocationCount@51399530]" started-at="2026-03-07T08:14:50 IST" name="demoTest" finished-at="2026-03-07T08:14:50 IST" duration-ms="3" status="PASS">
          <params>
            <param index="0">
              <value>
                <![CDATA[org.testng.TestRunner@6a6afff2]]>
              </value>
            </param>
          </params>
          <reporter-output>
          </reporter-output>
        </test-method> <!-- demoTest -->
      </class> <!-- TestNG._37_invocationCount -->
    </test> <!-- Default test -->
  </suite> <!-- Default suite -->
</testng-results>
