<?xml version="1.0" encoding="UTF-8"?>
<!-- Generated by org.testng.reporters.JUnitXMLReporter -->
<testsuite ignored="0" hostname="Anup" failures="0" tests="5" name="Functional Test" time="0.296" errors="0" timestamp="2026-03-07T06:30:29 IST">
  <testcase classname="TestNG._36_productTest" name="SelectQuantity" time="0.073"/>
  <testcase classname="TestNG._36_productTest" name="addProductToCard" time="0.037"/>
  <testcase classname="TestNG._36_productTest" name="addProductToWishList" time="0.014"/>
  <testcase classname="TestNG._36_Payment" name="cashOnDelivery" time="0.024"/>
  <testcase classname="TestNG._36_Payment" name="netBanking" time="0.003"/>
</testsuite> <!-- Functional Test -->
