<?xml version="1.0" encoding="UTF-8"?>
<!-- Generated by org.testng.reporters.JUnitReportReporter -->
<testsuite hostname="Anup" failures="0" tests="8" name="TestNG._30_attributes" time="0.059" errors="0" timestamp="2026-03-05T13:08:21 IST" skipped="0">
  <testcase classname="TestNG._30_attributes" name="test7" time="0.004"/>
  <testcase classname="TestNG._30_attributes" name="test6" time="0.011"/>
  <testcase classname="TestNG._30_attributes" name="test4" time="0.007"/>
  <testcase classname="TestNG._30_attributes" name="test1" time="0.021"/>
  <testcase classname="TestNG._30_attributes" name="test7" time="0.005"/>
  <testcase classname="TestNG._30_attributes" name="test5" time="0.003"/>
  <testcase classname="TestNG._30_attributes" name="test7" time="0.005"/>
  <testcase classname="TestNG._30_attributes" name="test2" time="0.003"/>
</testsuite> <!-- TestNG._30_attributes -->
