<?xml version="1.0" encoding="UTF-8"?>
<!-- Generated by org.testng.reporters.JUnitReportReporter -->
<testsuite hostname="Anup" failures="0" tests="3" name="TestNG._36_productTest" time="0.124" errors="0" timestamp="2026-03-07T06:30:29 IST" skipped="0">
  <testcase classname="TestNG._36_productTest" name="addProductToCard" time="0.037"/>
  <testcase classname="TestNG._36_productTest" name="SelectQuantity" time="0.073"/>
  <testcase classname="TestNG._36_productTest" name="addProductToWishList" time="0.014"/>
</testsuite> <!-- TestNG._36_productTest -->
