<?xml version="1.0" encoding="UTF-8"?>
<!-- Generated by org.testng.reporters.JUnitReportReporter -->
<testsuite hostname="Anup" failures="0" tests="9" name="TestNG._30_attributes" time="0.128" errors="0" timestamp="2026-03-22T10:59:16 IST" skipped="0">
  <testcase classname="TestNG._30_attributes" name="test4" time="0.011"/>
  <testcase classname="TestNG._30_attributes" name="test6" time="0.026"/>
  <testcase classname="TestNG._30_attributes" name="test7" time="0.015"/>
  <testcase classname="TestNG._30_attributes" name="test5" time="0.004"/>
  <testcase classname="TestNG._30_attributes" name="test1" time="0.033"/>
  <testcase classname="TestNG._30_attributes" name="test7" time="0.013"/>
  <testcase classname="TestNG._30_attributes" name="test7" time="0.006"/>
  <testcase classname="TestNG._30_attributes" name="test3" time="0.009"/>
  <testcase classname="TestNG._30_attributes" name="test2" time="0.011"/>
</testsuite> <!-- TestNG._30_attributes -->
