<?xml version="1.0" encoding="UTF-8"?>
<!-- Generated by org.testng.reporters.JUnitReportReporter -->
<testsuite hostname="Anup" failures="0" tests="3" name="TestNG._37_invocationCount" time="0.036" errors="0" timestamp="2026-03-07T08:14:51 IST" skipped="0">
  <testcase classname="TestNG._37_invocationCount" name="demoTest" time="0.025"/>
  <testcase classname="TestNG._37_invocationCount" name="demoTest" time="0.008"/>
  <testcase classname="TestNG._37_invocationCount" name="demoTest" time="0.003"/>
</testsuite> <!-- TestNG._37_invocationCount -->
