<?xml version="1.0" encoding="UTF-8"?>
<!-- Generated by org.testng.reporters.JUnitReportReporter -->
<testsuite hostname="Anup" failures="0" tests="2" name="TestNG._42_cross_browser_testing" time="73.640" errors="0" timestamp="2026-03-07T23:45:15 IST" skipped="0">
  <testcase classname="TestNG._42_cross_browser_testing" name="verifyTitle" time="38.201"/>
  <testcase classname="TestNG._42_cross_browser_testing" name="verifyTitle" time="35.439"/>
</testsuite> <!-- TestNG._42_cross_browser_testing -->
