<?xml version="1.0" encoding="UTF-8"?>
<!-- Generated by org.testng.reporters.JUnitReportReporter -->
<testsuite hostname="Anup" failures="0" tests="6" name="TestNG._27_enable_disable_regular_expression" time="0.034" errors="0" timestamp="2026-03-05T11:46:39 IST" skipped="3">
  <testcase classname="TestNG._27_enable_disable_regular_expression" name="AutomobileLoanMobileLogin" time="0.007"/>
  <testcase classname="TestNG._27_enable_disable_regular_expression" name="AutomobileLoanWebLogin" time="0.010"/>
  <testcase classname="TestNG._27_enable_disable_regular_expression" name="AutomobileLoanApiLogin" time="0.017"/>
  <testcase classname="TestNG._27_enable_disable_regular_expression" name="PersonalLoanApiLogin">
    <skipped/>
  </testcase> <!-- PersonalLoanApiLogin -->
  <testcase classname="TestNG._27_enable_disable_regular_expression" name="PersonalLoanWebLogin">
    <skipped/>
  </testcase> <!-- PersonalLoanWebLogin -->
  <testcase classname="TestNG._27_enable_disable_regular_expression" name="PersonalLoanMobileLogin">
    <skipped/>
  </testcase> <!-- PersonalLoanMobileLogin -->
</testsuite> <!-- TestNG._27_enable_disable_regular_expression -->
