<?xml version="1.0" encoding="UTF-8"?>
<!-- Generated by org.testng.reporters.JUnitReportReporter -->
<testsuite hostname="Anup" failures="0" tests="3" name="TestNG._37_invocationCount" time="0.030" errors="0" timestamp="2026-03-07T19:28:48 IST" skipped="0">
  <testcase classname="TestNG._37_invocationCount" name="demoTest" time="0.019"/>
  <testcase classname="TestNG._37_invocationCount" name="demoTest" time="0.005"/>
  <testcase classname="TestNG._37_invocationCount" name="demoTest" time="0.006"/>
</testsuite> <!-- TestNG._37_invocationCount -->
