<?xml version="1.0" encoding="UTF-8"?>
<!-- Generated by org.testng.reporters.JUnitReportReporter -->
<testsuite hostname="Anup" failures="0" tests="3" name="TestNG._36_HomeScreenTest" time="0.036" errors="0" timestamp="2026-03-07T06:30:29 IST" skipped="0">
  <testcase classname="TestNG._36_HomeScreenTest" name="VerifyLogo" time="0.026"/>
  <testcase classname="TestNG._36_HomeScreenTest" name="launchApplication" time="0.004"/>
  <testcase classname="TestNG._36_HomeScreenTest" name="VerifyTitle" time="0.006"/>
</testsuite> <!-- TestNG._36_HomeScreenTest -->
