<?xml version="1.0" encoding="UTF-8"?>
<!-- Generated by org.testng.reporters.JUnitXMLReporter -->
<testsuite ignored="0" hostname="Anup" failures="0" tests="5" name="Sanity Test" time="0.163" errors="0" timestamp="2026-03-07T06:30:28 IST">
  <testcase classname="TestNG._36_HomeScreenTest" name="VerifyLogo" time="0.026"/>
  <testcase classname="TestNG._36_HomeScreenTest" name="VerifyTitle" time="0.006"/>
  <testcase classname="TestNG._36_HomeScreenTest" name="launchApplication" time="0.004"/>
  <testcase classname="TestNG._36_loginTest" name="loginByEmail" time="0.008"/>
  <testcase classname="TestNG._36_loginTest" name="loginByMobileNumber" time="0.006"/>
</testsuite> <!-- Sanity Test -->
